<?xml version="1.0" encoding="UTF-8"?>
<!-- Generated by org.testng.reporters.JUnitReportReporter -->
<testsuite hostname="DESKTOP-3BKRARD" failures="0" tests="2" name="Test.newTest" time="52.423" errors="0" timestamp="2023-04-03T16:25:39 IST" skipped="0">
  <testcase classname="Test.newTest" name="loginTest2" time="10.916"/>
  <system-out/>
  <testcase classname="Test.newTest" name="loginTest1" time="41.507"/>
  <system-out/>
</testsuite> <!-- Test.newTest -->
